<?xml version="1.0" encoding="UTF-8"?>
<testng-results total="1" passed="1" failed="0" skipped="0">
  <reporter-output>
  </reporter-output>
  <suite started-at="2020-07-19T09:50:07Z" name="Surefire suite" finished-at="2020-07-19T09:50:07Z" duration-ms="53">
    <groups>
    </groups>
    <test started-at="2020-07-19T09:50:07Z" name="Surefire test" finished-at="2020-07-19T09:50:07Z" duration-ms="53">
      <class name="cellular.AppTest">
        <test-method signature="shouldAnswerWithTrue()[pri:0, instance:shouldAnswerWithTrue(cellular.AppTest)]" started-at="2020-07-19T15:20:07Z" name="shouldAnswerWithTrue" finished-at="2020-07-19T15:20:07Z" duration-ms="1" status="PASS">
          <reporter-output>
          </reporter-output>
        </test-method> <!-- shouldAnswerWithTrue -->
      </class> <!-- cellular.AppTest -->
    </test> <!-- Surefire test -->
  </suite> <!-- Surefire suite -->
</testng-results>
