<?xml version="1.0" encoding="UTF-8"?>
<testng-results skipped="0" failed="0" total="1" passed="1">
  <reporter-output>
  </reporter-output>
  <suite name="Suite" duration-ms="49893" started-at="2020-07-20T04:33:33Z" finished-at="2020-07-20T04:34:23Z">
    <groups>
    </groups>
    <test name="Test" duration-ms="49893" started-at="2020-07-20T04:33:33Z" finished-at="2020-07-20T04:34:23Z">
      <class name="cellular.HomePage">
        <test-method status="PASS" signature="initialize()[pri:0, instance:cellular.HomePage@55040f2f]" name="initialize" is-config="true" duration-ms="2732" started-at="2020-07-20T10:03:33Z" finished-at="2020-07-20T10:03:36Z">
          <reporter-output>
          </reporter-output>
        </test-method> <!-- initialize -->
        <test-method status="PASS" signature="basePageNavigation(java.lang.String)[pri:0, instance:cellular.HomePage@55040f2f]" name="basePageNavigation" duration-ms="45006" started-at="2020-07-20T10:03:36Z" data-provider="getData" finished-at="2020-07-20T10:04:21Z">
          <params>
            <param index="0">
              <value>
                <![CDATA[5523261151]]>
              </value>
            </param>
          </params>
          <reporter-output>
          </reporter-output>
        </test-method> <!-- basePageNavigation -->
        <test-method status="PASS" signature="teardown()[pri:0, instance:cellular.HomePage@55040f2f]" name="teardown" is-config="true" duration-ms="2137" started-at="2020-07-20T10:04:21Z" finished-at="2020-07-20T10:04:23Z">
          <reporter-output>
          </reporter-output>
        </test-method> <!-- teardown -->
      </class> <!-- cellular.HomePage -->
    </test> <!-- Test -->
  </suite> <!-- Suite -->
</testng-results>
